<?xml version="1.0" encoding="UTF-8"?>
<!-- Generated by org.testng.reporters.JUnitXMLReporter -->
<testsuite hostname="VAIO" ignored="0" name="Funtional Testing" tests="1" failures="0" timestamp="2021-02-11T19:21:09 CAT" time="0.274" errors="0">
  <testcase name="@AfterTest teardown" time="0.002" classname="browser.BaseClass">
    <failure type="java.lang.NullPointerException">
      <![CDATA[java.lang.NullPointerException
at browser.BaseClass.teardown(BaseClass.java:71)
... Removed 24 stack frames]]>
    </failure>
  </testcase> <!-- @AfterTest teardown -->
  <testcase name="DemoTestToBeReviewed" time="0.034" classname="tests.DemoTest"/>
</testsuite> <!-- Funtional Testing -->
