<?xml version="1.0" encoding="UTF-8"?>
<testng-results skipped="0" failed="0" ignored="0" total="1" passed="1">
  <reporter-output>
  </reporter-output>
  <suite name="Default suite" duration-ms="5864" started-at="2021-02-11T19:23:53 CAT" finished-at="2021-02-11T19:23:59 CAT">
    <groups>
      <group name="regression">
        <method signature="DemoTest.DemoTestToBeReviewed()[pri:1, instance:tests.DemoTest@1fc32e4f]" name="DemoTestToBeReviewed" class="tests.DemoTest"/>
      </group> <!-- regression -->
    </groups>
    <test name="Default test" duration-ms="5864" started-at="2021-02-11T19:23:53 CAT" finished-at="2021-02-11T19:23:59 CAT">
      <class name="tests.DemoTest">
        <test-method status="PASS" signature="methodLevelSetup()[pri:0, instance:tests.DemoTest@1fc32e4f]" name="methodLevelSetup" is-config="true" duration-ms="18" started-at="2021-02-11T19:23:53 CAT" finished-at="2021-02-11T19:23:53 CAT">
          <reporter-output>
          </reporter-output>
        </test-method> <!-- methodLevelSetup -->
        <test-method status="PASS" signature="DemoTestToBeReviewed()[pri:1, instance:tests.DemoTest@1fc32e4f]" name="DemoTestToBeReviewed" duration-ms="4490" started-at="2021-02-11T19:23:53 CAT" finished-at="2021-02-11T19:23:57 CAT">
          <reporter-output>
          </reporter-output>
        </test-method> <!-- DemoTestToBeReviewed -->
        <test-method status="PASS" signature="teardown()[pri:0, instance:tests.DemoTest@1fc32e4f]" name="teardown" is-config="true" duration-ms="1151" started-at="2021-02-11T19:23:57 CAT" finished-at="2021-02-11T19:23:59 CAT">
          <reporter-output>
          </reporter-output>
        </test-method> <!-- teardown -->
      </class> <!-- tests.DemoTest -->
    </test> <!-- Default test -->
  </suite> <!-- Default suite -->
</testng-results>
